<?xml version="1.0" encoding="UTF-8"?>
<!-- Generated by org.testng.reporters.JUnitReportReporter -->
<testsuite hostname="RANJIT" failures="0" tests="1" name="eComProject.AmazonTest" time="20.517" errors="0" timestamp="2023-07-26T14:16:33 IST" skipped="0">
  <testcase classname="eComProject.AmazonTest" name="amazonDemo" time="20.517"/>
  <system-out/>
</testsuite> <!-- eComProject.AmazonTest -->
